TN:
SF:src\modules\statements\useCases\createStatement\CreateStatementController.ts
FN:12,CreateStatementController
FN:13,Object.<anonymous>.CreateStatementController.execute
FNF:2
FNH:2
FNDA:5,CreateStatementController
FNDA:8,Object.<anonymous>.CreateStatementController.execute
DA:1,1
DA:2,1
DA:3,1
DA:4,1
DA:5,1
DA:6,5
DA:7,5
DA:8,5
DA:9,5
DA:10,5
DA:11,1
DA:12,5
DA:13,5
DA:14,8
DA:15,8
DA:16,8
DA:17,8
DA:18,8
DA:19,8
DA:20,8
DA:21,8
DA:22,8
DA:23,8
DA:24,8
DA:25,8
DA:26,8
DA:27,8
DA:28,8
DA:29,8
DA:30,8
DA:31,5
LF:31
LH:31
BRDA:6,0,0,5
BRDA:12,1,0,5
BRDA:12,2,0,5
BRDA:13,3,0,8
BRF:4
BRH:4
end_of_record
TN:
SF:src\modules\statements\useCases\createStatement\CreateStatementError.ts
FN:5,UserNotFound
FN:11,InsufficientFunds
FNF:2
FNH:2
FNDA:4,UserNotFound
FNDA:1,InsufficientFunds
DA:1,1
DA:2,1
DA:3,5
DA:4,5
DA:5,5
DA:6,4
DA:7,4
DA:8,5
DA:9,5
DA:10,5
DA:11,5
DA:12,1
DA:13,1
DA:14,5
DA:15,5
LF:15
LH:15
BRDA:3,0,0,5
BRDA:4,1,0,5
BRDA:5,2,0,4
BRDA:10,3,0,5
BRDA:11,4,0,1
BRF:5
BRH:5
end_of_record
TN:
SF:src\modules\statements\useCases\createStatement\CreateStatementUseCase.ts
FN:10,CreateStatementUseCase
FN:18,Object.<anonymous>.CreateStatementUseCase.execute
FNF:2
FNH:2
FNDA:8,CreateStatementUseCase
FNDA:8,Object.<anonymous>.CreateStatementUseCase.execute
DA:1,1
DA:2,1
DA:3,1
DA:4,1
DA:5,1
DA:6,1
DA:7,1
DA:8,1
DA:9,5
DA:10,5
DA:11,8
DA:12,8
DA:13,8
DA:14,8
DA:15,8
DA:16,8
DA:17,5
DA:18,5
DA:19,8
DA:20,8
DA:21,8
DA:22,2
DA:23,2
DA:24,8
DA:25,8
DA:26,2
DA:27,8
DA:28,8
DA:29,8
DA:30,8
DA:31,8
DA:32,8
DA:33,8
DA:34,5
DA:35,5
DA:36,5
DA:37,5
DA:38,5
DA:39,8
DA:40,8
DA:41,8
DA:42,5
LF:42
LH:42
BRDA:9,0,0,5
BRDA:10,1,0,8
BRDA:18,2,0,8
BRDA:19,3,0,8
BRDA:21,4,0,2
BRDA:25,5,0,4
BRDA:25,6,0,2
BRDA:33,7,0,5
BRF:8
BRH:8
end_of_record
TN:
SF:src\modules\statements\useCases\createStatement\ICreateStatementDTO.ts
FN:1,(empty-report)
FNF:1
FNH:0
FNDA:0,(empty-report)
DA:1,0
DA:2,0
DA:3,0
DA:4,0
DA:5,0
DA:6,0
DA:7,0
DA:8,0
DA:9,0
DA:10,0
LF:10
LH:0
BRDA:1,0,0,0
BRF:1
BRH:0
end_of_record
TN:
SF:src\modules\statements\useCases\getBalance\GetBalanceController.ts
FN:7,GetBalanceController
FN:8,Object.<anonymous>.GetBalanceController.execute
FNF:2
FNH:2
FNDA:5,GetBalanceController
FNDA:3,Object.<anonymous>.GetBalanceController.execute
DA:1,1
DA:2,1
DA:3,1
DA:4,1
DA:5,1
DA:6,1
DA:7,5
DA:8,5
DA:9,3
DA:10,3
DA:11,3
DA:12,3
DA:13,3
DA:14,3
DA:15,3
DA:16,3
DA:17,3
DA:18,3
DA:19,5
LF:19
LH:19
BRDA:7,0,0,5
BRDA:7,1,0,5
BRDA:8,2,0,3
BRF:3
BRH:3
end_of_record
TN:
SF:src\modules\statements\useCases\getBalance\GetBalanceError.ts
FN:4,GetBalanceError
FNF:1
FNH:1
FNDA:1,GetBalanceError
DA:1,1
DA:2,1
DA:3,5
DA:4,5
DA:5,1
DA:6,1
DA:7,5
LF:7
LH:7
BRDA:3,0,0,5
BRDA:4,1,0,1
BRF:2
BRH:2
end_of_record
TN:
SF:src\modules\statements\useCases\getBalance\GetBalanceUseCase.ts
FN:19,GetBalanceUseCase
FN:27,Object.<anonymous>.GetBalanceUseCase.execute
FNF:2
FNH:2
FNDA:3,GetBalanceUseCase
FNDA:3,Object.<anonymous>.GetBalanceUseCase.execute
DA:1,1
DA:2,1
DA:3,1
DA:4,1
DA:5,1
DA:6,1
DA:7,1
DA:8,1
DA:9,1
DA:10,1
DA:11,1
DA:12,1
DA:13,1
DA:14,1
DA:15,1
DA:16,1
DA:17,1
DA:18,5
DA:19,5
DA:20,3
DA:21,3
DA:22,3
DA:23,3
DA:24,3
DA:25,3
DA:26,5
DA:27,5
DA:28,3
DA:29,3
DA:30,3
DA:31,1
DA:32,1
DA:33,3
DA:34,3
DA:35,3
DA:36,3
DA:37,3
DA:38,3
DA:39,3
DA:40,3
DA:41,5
LF:41
LH:41
BRDA:18,0,0,5
BRDA:19,1,0,3
BRDA:27,2,0,3
BRDA:28,3,0,3
BRDA:30,4,0,1
BRF:5
BRH:5
end_of_record
TN:
SF:src\modules\statements\useCases\getBalance\IGetBalanceDTO.ts
FN:1,(empty-report)
FNF:1
FNH:0
FNDA:0,(empty-report)
DA:1,0
DA:2,0
DA:3,0
DA:4,0
LF:4
LH:0
BRDA:1,0,0,0
BRF:1
BRH:0
end_of_record
TN:
SF:src\modules\statements\useCases\getStatementOperation\GetStatementOperationController.ts
FN:6,GetStatementOperationController
FN:7,Object.<anonymous>.GetStatementOperationController.execute
FNF:2
FNH:2
FNDA:5,GetStatementOperationController
FNDA:3,Object.<anonymous>.GetStatementOperationController.execute
DA:1,1
DA:2,1
DA:3,1
DA:4,1
DA:5,1
DA:6,5
DA:7,5
DA:8,3
DA:9,3
DA:10,3
DA:11,3
DA:12,3
DA:13,3
DA:14,3
DA:15,3
DA:16,3
DA:17,3
DA:18,3
DA:19,3
DA:20,5
LF:20
LH:20
BRDA:6,0,0,5
BRDA:6,1,0,5
BRDA:7,2,0,3
BRF:3
BRH:3
end_of_record
TN:
SF:src\modules\statements\useCases\getStatementOperation\GetStatementOperationError.ts
FN:5,UserNotFound
FN:11,StatementNotFound
FNF:2
FNH:2
FNDA:1,UserNotFound
FNDA:1,StatementNotFound
DA:1,1
DA:2,1
DA:3,5
DA:4,5
DA:5,5
DA:6,1
DA:7,1
DA:8,5
DA:9,5
DA:10,5
DA:11,5
DA:12,1
DA:13,1
DA:14,5
DA:15,5
LF:15
LH:15
BRDA:3,0,0,5
BRDA:4,1,0,5
BRDA:5,2,0,1
BRDA:10,3,0,5
BRDA:11,4,0,1
BRF:5
BRH:5
end_of_record
TN:
SF:src\modules\statements\useCases\getStatementOperation\GetStatementOperationUseCase.ts
FN:14,GetStatementOperationUseCase
FN:22,Object.<anonymous>.GetStatementOperationUseCase.execute
FNF:2
FNH:2
FNDA:3,GetStatementOperationUseCase
FNDA:3,Object.<anonymous>.GetStatementOperationUseCase.execute
DA:1,1
DA:2,1
DA:3,1
DA:4,1
DA:5,1
DA:6,1
DA:7,1
DA:8,1
DA:9,1
DA:10,1
DA:11,1
DA:12,1
DA:13,5
DA:14,5
DA:15,3
DA:16,3
DA:17,3
DA:18,3
DA:19,3
DA:20,3
DA:21,5
DA:22,5
DA:23,3
DA:24,3
DA:25,3
DA:26,1
DA:27,1
DA:28,2
DA:29,2
DA:30,2
DA:31,3
DA:32,3
DA:33,1
DA:34,1
DA:35,1
DA:36,1
DA:37,3
DA:38,5
LF:38
LH:38
BRDA:13,0,0,5
BRDA:14,1,0,3
BRDA:22,2,0,3
BRDA:23,3,0,3
BRDA:25,4,0,1
BRDA:28,5,0,2
BRDA:32,6,0,1
BRF:7
BRH:7
end_of_record
TN:
SF:src\modules\statements\useCases\getStatementOperation\IGetStatementOperationDTO.ts
FN:1,(empty-report)
FNF:1
FNH:0
FNDA:0,(empty-report)
DA:1,0
DA:2,0
DA:3,0
DA:4,0
LF:4
LH:0
BRDA:1,0,0,0
BRF:1
BRH:0
end_of_record
TN:
SF:src\modules\statements\useCases\transferStatement\TransferStatementController.ts
FN:11,TransferStatementController
FN:12,Object.<anonymous>.TransferStatementController.execute
FNF:2
FNH:2
FNDA:5,TransferStatementController
FNDA:3,Object.<anonymous>.TransferStatementController.execute
DA:1,1
DA:2,1
DA:3,1
DA:4,1
DA:5,5
DA:6,5
DA:7,5
DA:8,5
DA:9,5
DA:10,1
DA:11,5
DA:12,5
DA:13,3
DA:14,3
DA:15,3
DA:16,3
DA:17,3
DA:18,3
DA:19,3
DA:20,3
DA:21,3
DA:22,3
DA:23,3
DA:24,3
DA:25,3
DA:26,5
DA:27,1
DA:28,1
LF:28
LH:28
BRDA:5,0,0,5
BRDA:11,1,0,5
BRDA:11,2,0,5
BRDA:12,3,0,3
BRF:4
BRH:4
end_of_record
TN:
SF:src\modules\statements\useCases\transferStatement\TransferStatementUseCase.ts
FN:9,TransferStatementUseCase
FN:16,Object.<anonymous>.TransferStatementUseCase.execute
FNF:2
FNH:2
FNDA:3,TransferStatementUseCase
FNDA:3,Object.<anonymous>.TransferStatementUseCase.execute
DA:1,1
DA:2,1
DA:3,1
DA:4,1
DA:5,1
DA:6,1
DA:7,1
DA:8,5
DA:9,5
DA:10,3
DA:11,3
DA:12,3
DA:13,3
DA:14,3
DA:15,5
DA:16,5
DA:17,3
DA:18,3
DA:19,3
DA:20,3
DA:21,3
DA:22,3
DA:23,3
DA:24,1
DA:25,1
DA:26,3
DA:27,3
DA:28,3
DA:29,3
DA:30,3
DA:31,3
DA:32,3
DA:33,5
DA:34,1
DA:35,1
LF:35
LH:35
BRDA:8,0,0,5
BRDA:9,1,0,3
BRDA:16,2,0,3
BRDA:17,3,0,3
BRDA:19,4,0,1
BRDA:23,5,0,1
BRDA:27,6,0,0
BRF:7
BRH:6
end_of_record
TN:
SF:src\modules\users\useCases\authenticateUser\AuthenticateUserController.ts
FN:6,AuthenticateUserController
FN:7,Object.<anonymous>.AuthenticateUserController.execute
FNF:2
FNH:2
FNDA:5,AuthenticateUserController
FNDA:12,Object.<anonymous>.AuthenticateUserController.execute
DA:1,1
DA:2,1
DA:3,1
DA:4,1
DA:5,1
DA:6,5
DA:7,5
DA:8,12
DA:9,12
DA:10,12
DA:11,12
DA:12,12
DA:13,12
DA:14,12
DA:15,12
DA:16,12
DA:17,12
DA:18,12
DA:19,5
LF:19
LH:19
BRDA:6,0,0,5
BRDA:6,1,0,5
BRDA:7,2,0,12
BRF:3
BRH:3
end_of_record
TN:
SF:src\modules\users\useCases\authenticateUser\AuthenticateUserUseCase.ts
FN:18,AuthenticateUserUseCase
FN:23,Object.<anonymous>.AuthenticateUserUseCase.execute
FNF:2
FNH:2
FNDA:13,AuthenticateUserUseCase
FNDA:13,Object.<anonymous>.AuthenticateUserUseCase.execute
DA:1,1
DA:2,1
DA:3,1
DA:4,1
DA:5,1
DA:6,1
DA:7,1
DA:8,1
DA:9,1
DA:10,1
DA:11,1
DA:12,1
DA:13,1
DA:14,1
DA:15,1
DA:16,1
DA:17,6
DA:18,6
DA:19,13
DA:20,13
DA:21,13
DA:22,6
DA:23,6
DA:24,13
DA:25,13
DA:26,13
DA:27,2
DA:28,2
DA:29,13
DA:30,13
DA:31,13
DA:32,13
DA:33,1
DA:34,1
DA:35,10
DA:36,10
DA:37,10
DA:38,10
DA:39,10
DA:40,10
DA:41,10
DA:42,10
DA:43,10
DA:44,10
DA:45,10
DA:46,10
DA:47,10
DA:48,10
DA:49,10
DA:50,10
DA:51,13
DA:52,6
LF:52
LH:52
BRDA:17,0,0,6
BRDA:18,1,0,13
BRDA:23,2,0,13
BRDA:24,3,0,13
BRDA:26,4,0,2
BRDA:32,5,0,10
BRDA:32,6,0,1
BRF:7
BRH:7
end_of_record
TN:
SF:src\modules\users\useCases\authenticateUser\IAuthenticateUserResponseDTO.ts
FN:1,(empty-report)
FNF:1
FNH:0
FNDA:0,(empty-report)
DA:1,0
DA:2,0
DA:3,0
DA:4,0
DA:5,0
DA:6,0
LF:6
LH:0
BRDA:1,0,0,0
BRF:1
BRH:0
end_of_record
TN:
SF:src\modules\users\useCases\authenticateUser\IncorrectEmailOrPasswordError.ts
FN:4,IncorrectEmailOrPasswordError
FNF:1
FNH:1
FNDA:3,IncorrectEmailOrPasswordError
DA:1,1
DA:2,1
DA:3,6
DA:4,6
DA:5,3
DA:6,3
DA:7,6
LF:7
LH:7
BRDA:3,0,0,6
BRDA:4,1,0,3
BRF:2
BRH:2
end_of_record
TN:
SF:src\modules\users\useCases\createUser\CreateUserController.ts
FN:6,CreateUserController
FN:7,Object.<anonymous>.CreateUserController.execute
FNF:2
FNH:2
FNDA:5,CreateUserController
FNDA:10,Object.<anonymous>.CreateUserController.execute
DA:1,1
DA:2,1
DA:3,1
DA:4,1
DA:5,1
DA:6,5
DA:7,5
DA:8,10
DA:9,10
DA:10,10
DA:11,10
DA:12,10
DA:13,10
DA:14,10
DA:15,10
DA:16,10
DA:17,10
DA:18,10
DA:19,10
DA:20,5
LF:20
LH:20
BRDA:6,0,0,5
BRDA:6,1,0,5
BRDA:7,2,0,10
BRF:3
BRH:3
end_of_record
TN:
SF:src\modules\users\useCases\createUser\CreateUserError.ts
FN:4,CreateUserError
FNF:1
FNH:1
FNDA:5,CreateUserError
DA:1,1
DA:2,1
DA:3,6
DA:4,6
DA:5,5
DA:6,5
DA:7,6
LF:7
LH:7
BRDA:3,0,0,6
BRDA:4,1,0,5
BRF:2
BRH:2
end_of_record
TN:
SF:src\modules\users\useCases\createUser\CreateUserUseCase.ts
FN:9,CreateUserUseCase
FN:14,Object.<anonymous>.CreateUserUseCase.execute
FNF:2
FNH:2
FNDA:12,CreateUserUseCase
FNDA:12,Object.<anonymous>.CreateUserUseCase.execute
DA:1,1
DA:2,1
DA:3,1
DA:4,1
DA:5,1
DA:6,1
DA:7,1
DA:8,6
DA:9,6
DA:10,12
DA:11,12
DA:12,12
DA:13,6
DA:14,6
DA:15,12
DA:16,12
DA:17,12
DA:18,5
DA:19,5
DA:20,11
DA:21,11
DA:22,12
DA:23,12
DA:24,12
DA:25,12
DA:26,12
DA:27,12
DA:28,12
DA:29,12
DA:30,12
DA:31,6
LF:31
LH:31
BRDA:8,0,0,6
BRDA:9,1,0,12
BRDA:14,2,0,12
BRDA:15,3,0,12
BRDA:17,4,0,11
BRDA:17,5,0,5
BRF:6
BRH:6
end_of_record
TN:
SF:src\modules\users\useCases\createUser\ICreateUserDTO.ts
FN:1,(empty-report)
FNF:1
FNH:0
FNDA:0,(empty-report)
DA:1,0
DA:2,0
DA:3,0
DA:4,0
DA:5,0
LF:5
LH:0
BRDA:1,0,0,0
BRF:1
BRH:0
end_of_record
TN:
SF:src\modules\users\useCases\showUserProfile\ShowUserProfileController.ts
FN:7,ShowUserProfileController
FN:8,Object.<anonymous>.ShowUserProfileController.execute
FNF:2
FNH:2
FNDA:5,ShowUserProfileController
FNDA:2,Object.<anonymous>.ShowUserProfileController.execute
DA:1,1
DA:2,1
DA:3,1
DA:4,1
DA:5,1
DA:6,1
DA:7,5
DA:8,5
DA:9,2
DA:10,2
DA:11,2
DA:12,2
DA:13,2
DA:14,2
DA:15,2
DA:16,2
DA:17,2
DA:18,2
DA:19,5
LF:19
LH:19
BRDA:7,0,0,5
BRDA:7,1,0,5
BRDA:8,2,0,2
BRF:3
BRH:3
end_of_record
TN:
SF:src\modules\users\useCases\showUserProfile\ShowUserProfileError.ts
FN:4,ShowUserProfileError
FNF:1
FNH:1
FNDA:2,ShowUserProfileError
DA:1,1
DA:2,1
DA:3,6
DA:4,6
DA:5,2
DA:6,2
DA:7,6
LF:7
LH:7
BRDA:3,0,0,6
BRDA:4,1,0,2
BRF:2
BRH:2
end_of_record
TN:
SF:src\modules\users\useCases\showUserProfile\ShowUserProfileUseCase.ts
FN:8,ShowUserProfileUseCase
FN:13,Object.<anonymous>.ShowUserProfileUseCase.execute
FNF:2
FNH:2
FNDA:3,ShowUserProfileUseCase
FNDA:3,Object.<anonymous>.ShowUserProfileUseCase.execute
DA:1,1
DA:2,1
DA:3,1
DA:4,1
DA:5,1
DA:6,1
DA:7,6
DA:8,6
DA:9,3
DA:10,3
DA:11,3
DA:12,6
DA:13,6
DA:14,3
DA:15,3
DA:16,3
DA:17,2
DA:18,2
DA:19,1
DA:20,1
DA:21,3
DA:22,6
LF:22
LH:22
BRDA:7,0,0,6
BRDA:8,1,0,3
BRDA:13,2,0,3
BRDA:14,3,0,3
BRDA:16,4,0,2
BRDA:19,5,0,1
BRF:6
BRH:6
end_of_record
